# JRE version: Java(TM) SE Runtime Environment (7.0_79-b15) (build 1.7.0_79-b15)
# Java VM: Java HotSpot(TM) 64-Bit Server VM (24.79-b02 mixed mode bsd-amd64 compressed oops)
Heap
 PSYoungGen      total 140288K, used 62964K [0x0000000138c00000, 0x0000000141a00000, 0x000000014e180000)
  eden space 135168K, 42% used [0x0000000138c00000,0x000000013c4804d8,0x0000000141000000)
  from space 5120K, 99% used [0x0000000141500000,0x00000001419fcb40,0x0000000141a00000)
  to   space 5120K, 0% used [0x0000000141000000,0x0000000141000000,0x0000000141500000)
 ParOldGen       total 87040K, used 25616K [0x000000010e180000, 0x0000000113680000, 0x0000000138c00000)
  object space 87040K, 29% used [0x000000010e180000,0x000000010fa841c8,0x0000000113680000)
 PSPermGen       total 21504K, used 6017K [0x0000000108f80000, 0x000000010a480000, 0x000000010e180000)
  object space 21504K, 27% used [0x0000000108f80000,0x00000001095606d8,0x000000010a480000)
GC Heap History (8 events):
Event: 1.344 GC heap before
{Heap before GC invocations=1 (full 0):
 PSYoungGen      total 38912K, used 33792K [0x0000000138c00000, 0x000000013b700000, 0x000000014e180000)
  eden space 33792K, 100% used [0x0000000138c00000,0x000000013ad00000,0x000000013ad00000)
  from space 5120K, 0% used [0x000000013b200000,0x000000013b200000,0x000000013b700000)
  to   space 5120K, 0% used [0x000000013ad00000,0x000000013ad00000,0x000000013b200000)
 ParOldGen       total 87040K, used 0K [0x000000010e180000, 0x0000000113680000, 0x0000000138c00000)
  object space 87040K, 0% used [0x000000010e180000,0x000000010e180000,0x0000000113680000)
 PSPermGen       total 21504K, used 5800K [0x0000000108f80000, 0x000000010a480000, 0x000000010e180000)
  object space 21504K, 26% used [0x0000000108f80000,0x000000010952a3c8,0x000000010a480000)
Event: 1.362 GC heap after
Heap after GC invocations=1 (full 0):
 PSYoungGen      total 38912K, used 5107K [0x0000000138c00000, 0x000000013d800000, 0x000000014e180000)
  eden space 33792K, 0% used [0x0000000138c00000,0x0000000138c00000,0x000000013ad00000)
  from space 5120K, 99% used [0x000000013ad00000,0x000000013b1fcfe8,0x000000013b200000)
  to   space 5120K, 0% used [0x000000013d300000,0x000000013d300000,0x000000013d800000)
 ParOldGen       total 87040K, used 1255K [0x000000010e180000, 0x0000000113680000, 0x0000000138c00000)
  object space 87040K, 1% used [0x000000010e180000,0x000000010e2b9f10,0x0000000113680000)
 PSPermGen       total 21504K, used 5800K [0x0000000108f80000, 0x000000010a480000, 0x000000010e180000)
  object space 21504K, 26% used [0x0000000108f80000,0x000000010952a3c8,0x000000010a480000)
}
Event: 2.472 GC heap before
{Heap before GC invocations=2 (full 0):
 PSYoungGen      total 38912K, used 38899K [0x0000000138c00000, 0x000000013d800000, 0x000000014e180000)
  eden space 33792K, 100% used [0x0000000138c00000,0x000000013ad00000,0x000000013ad00000)
  from space 5120K, 99% used [0x000000013ad00000,0x000000013b1fcfe8,0x000000013b200000)
  to   space 5120K, 0% used [0x000000013d300000,0x000000013d300000,0x000000013d800000)
 ParOldGen       total 87040K, used 1255K [0x000000010e180000, 0x0000000113680000, 0x0000000138c00000)
  object space 87040K, 1% used [0x000000010e180000,0x000000010e2b9f10,0x0000000113680000)
 PSPermGen       total 21504K, used 5898K [0x0000000108f80000, 0x000000010a480000, 0x000000010e180000)
  object space 21504K, 27% used [0x0000000108f80000,0x00000001095429a8,0x000000010a480000)
Event: 2.500 GC heap after
Heap after GC invocations=2 (full 0):
 PSYoungGen      total 72704K, used 5103K [0x0000000138c00000, 0x000000013d800000, 0x000000014e180000)
  eden space 67584K, 0% used [0x0000000138c00000,0x0000000138c00000,0x000000013ce00000)
  from space 5120K, 99% used [0x000000013d300000,0x000000013d7fbcf8,0x000000013d800000)
  to   space 5120K, 0% used [0x000000013ce00000,0x000000013ce00000,0x000000013d300000)
 ParOldGen       total 87040K, used 5817K [0x000000010e180000, 0x0000000113680000, 0x0000000138c00000)
  object space 87040K, 6% used [0x000000010e180000,0x000000010e72e4d0,0x0000000113680000)
 PSPermGen       total 21504K, used 5898K [0x0000000108f80000, 0x000000010a480000, 0x000000010e180000)
  object space 21504K, 27% used [0x0000000108f80000,0x00000001095429a8,0x000000010a480000)
}
Event: 5.604 GC heap before
{Heap before GC invocations=3 (full 0):
 PSYoungGen      total 72704K, used 72687K [0x0000000138c00000, 0x000000013d800000, 0x000000014e180000)
  eden space 67584K, 100% used [0x0000000138c00000,0x000000013ce00000,0x000000013ce00000)
  from space 5120K, 99% used [0x000000013d300000,0x000000013d7fbcf8,0x000000013d800000)
  to   space 5120K, 0% used [0x000000013ce00000,0x000000013ce00000,0x000000013d300000)
 ParOldGen       total 87040K, used 5817K [0x000000010e180000, 0x0000000113680000, 0x0000000138c00000)
  object space 87040K, 6% used [0x000000010e180000,0x000000010e72e4d0,0x0000000113680000)
 PSPermGen       total 21504K, used 5955K [0x0000000108f80000, 0x000000010a480000, 0x000000010e180000)
  object space 21504K, 27% used [0x0000000108f80000,0x0000000109550df0,0x000000010a480000)
Event: 5.641 GC heap after
Heap after GC invocations=3 (full 0):
 PSYoungGen      total 72704K, used 5103K [0x0000000138c00000, 0x0000000141a00000, 0x000000014e180000)
  eden space 67584K, 0% used [0x0000000138c00000,0x0000000138c00000,0x000000013ce00000)
  from space 5120K, 99% used [0x000000013ce00000,0x000000013d2fbe10,0x000000013d300000)
  to   space 5120K, 0% used [0x0000000141500000,0x0000000141500000,0x0000000141a00000)
 ParOldGen       total 87040K, used 16220K [0x000000010e180000, 0x0000000113680000, 0x0000000138c00000)
  object space 87040K, 18% used [0x000000010e180000,0x000000010f1572e8,0x0000000113680000)
 PSPermGen       total 21504K, used 5955K [0x0000000108f80000, 0x000000010a480000, 0x000000010e180000)
  object space 21504K, 27% used [0x0000000108f80000,0x0000000109550df0,0x000000010a480000)
}
Event: 7.749 GC heap before
{Heap before GC invocations=4 (full 0):
 PSYoungGen      total 72704K, used 72687K [0x0000000138c00000, 0x0000000141a00000, 0x000000014e180000)
  eden space 67584K, 100% used [0x0000000138c00000,0x000000013ce00000,0x000000013ce00000)
  from space 5120K, 99% used [0x000000013ce00000,0x000000013d2fbe10,0x000000013d300000)
  to   space 5120K, 0% used [0x0000000141500000,0x0000000141500000,0x0000000141a00000)
 ParOldGen       total 87040K, used 16220K [0x000000010e180000, 0x0000000113680000, 0x0000000138c00000)
  object space 87040K, 18% used [0x000000010e180000,0x000000010f1572e8,0x0000000113680000)
 PSPermGen       total 21504K, used 5997K [0x0000000108f80000, 0x000000010a480000, 0x000000010e180000)
  object space 21504K, 27% used [0x0000000108f80000,0x000000010955b678,0x000000010a480000)
Event: 7.787 GC heap after
Heap after GC invocations=4 (full 0):
 PSYoungGen      total 140288K, used 5106K [0x0000000138c00000, 0x0000000141a00000, 0x000000014e180000)
  eden space 135168K, 0% used [0x0000000138c00000,0x0000000138c00000,0x0000000141000000)
  from space 5120K, 99% used [0x0000000141500000,0x00000001419fcb40,0x0000000141a00000)
  to   space 5120K, 0% used [0x0000000141000000,0x0000000141000000,0x0000000141500000)
 ParOldGen       total 87040K, used 25616K [0x000000010e180000, 0x0000000113680000, 0x0000000138c00000)
  object space 87040K, 29% used [0x000000010e180000,0x000000010fa841c8,0x0000000113680000)
 PSPermGen       total 21504K, used 5997K [0x0000000108f80000, 0x000000010a480000, 0x000000010e180000)
  object space 21504K, 27% used [0x0000000108f80000,0x000000010955b678,0x000000010a480000)
}

